2023-08-10 19:52:23,159 - INFO - Downloading user accounts data from the API..."
2023-08-10 19:52:23,161 - DEBUG - Starting new HTTPS connection (1): randomuser.me:443"
2023-08-10 19:52:26,664 - DEBUG - https://randomuser.me:443 "GET /api/?results=5000&format=csv HTTP/1.1" 200 None"
2023-08-10 19:52:30,773 - INFO - Received user accounts from the API."
2023-08-10 19:52:30,776 - INFO - Successfully downloaded user accounts to user_accounts.csv"
2023-08-10 19:52:30,827 - INFO - The data was filtered by num_rows"
2023-08-10 19:52:30,829 - INFO - Add current time field"
2023-08-10 19:52:30,829 - INFO - The content was changed in the field "name.title""
2023-08-10 19:52:30,833 - INFO - Format of field dob.date was changed to %m-%d-%Y"
2023-08-10 19:52:30,836 - INFO - Format of field registered.date was changed to %m-%d-%Y, %H:%M:%S"
2023-08-10 19:52:30,836 - INFO - Data was filtered!"
2023-08-10 19:52:30,841 - INFO - Data was written in E:\Programming\pythonProj\pythonProject\PythonCourse\Homework3\UserFolder\output.csv."
2023-08-10 19:52:30,841 - INFO - The data was rearranged"
2023-08-10 19:52:30,841 - INFO - Log paths E:\Programming\pythonProj\pythonProject\PythonCourse\Homework3\UserFolder\50-th\Mexico\70_12.25_NSS.csv was created."
2023-08-10 19:52:30,842 - INFO - Data was written in E:\Programming\pythonProj\pythonProject\PythonCourse\Homework3\UserFolder\50-th\Mexico\70_12.25_NSS.csv."
2023-08-10 19:52:30,842 - INFO - Log paths E:\Programming\pythonProj\pythonProject\PythonCourse\Homework3\UserFolder\50-th\Netherlands\72_8.75_BSN.csv was created."
2023-08-10 19:52:30,842 - INFO - Data was written in E:\Programming\pythonProj\pythonProject\PythonCourse\Homework3\UserFolder\50-th\Netherlands\72_8.75_BSN.csv."
2023-08-10 19:52:30,842 - INFO - Log paths E:\Programming\pythonProj\pythonProject\PythonCourse\Homework3\UserFolder\50-th\Ireland\72_10.5_PPS.csv was created."
2023-08-10 19:52:30,843 - INFO - Data was written in E:\Programming\pythonProj\pythonProject\PythonCourse\Homework3\UserFolder\50-th\Ireland\72_10.5_PPS.csv."
2023-08-10 19:52:30,843 - INFO - Log paths E:\Programming\pythonProj\pythonProject\PythonCourse\Homework3\UserFolder\50-th\Turkey\71_9_.csv was created."
2023-08-10 19:52:30,843 - INFO - Data was written in E:\Programming\pythonProj\pythonProject\PythonCourse\Homework3\UserFolder\50-th\Turkey\71_9_.csv."
2023-08-10 19:52:30,844 - INFO - Log paths E:\Programming\pythonProj\pythonProject\PythonCourse\Homework3\UserFolder\50-th\Brazil\73_8.5_CPF.csv was created."
2023-08-10 19:52:30,844 - INFO - Data was written in E:\Programming\pythonProj\pythonProject\PythonCourse\Homework3\UserFolder\50-th\Brazil\73_8.5_CPF.csv."
2023-08-10 19:52:30,844 - INFO - Log paths E:\Programming\pythonProj\pythonProject\PythonCourse\Homework3\UserFolder\50-th\Canada\71_5_SIN.csv was created."
2023-08-10 19:52:30,845 - INFO - Data was written in E:\Programming\pythonProj\pythonProject\PythonCourse\Homework3\UserFolder\50-th\Canada\71_5_SIN.csv."
2023-08-10 19:52:30,845 - INFO - Log paths E:\Programming\pythonProj\pythonProject\PythonCourse\Homework3\UserFolder\50-th\Switzerland\69_1_AVS.csv was created."
2023-08-10 19:52:30,845 - INFO - Data was written in E:\Programming\pythonProj\pythonProject\PythonCourse\Homework3\UserFolder\50-th\Switzerland\69_1_AVS.csv."
2023-08-10 19:52:30,846 - INFO - Log paths E:\Programming\pythonProj\pythonProject\PythonCourse\Homework3\UserFolder\50-th\Norway\71_14_FN.csv was created."
2023-08-10 19:52:30,846 - INFO - Data was written in E:\Programming\pythonProj\pythonProject\PythonCourse\Homework3\UserFolder\50-th\Norway\71_14_FN.csv."
2023-08-10 19:52:30,846 - INFO - Log paths E:\Programming\pythonProj\pythonProject\PythonCourse\Homework3\UserFolder\50-th\Australia\73_12_TFN.csv was created."
2023-08-10 19:52:30,846 - INFO - Data was written in E:\Programming\pythonProj\pythonProject\PythonCourse\Homework3\UserFolder\50-th\Australia\73_12_TFN.csv."
2023-08-10 19:52:30,846 - INFO - Log paths E:\Programming\pythonProj\pythonProject\PythonCourse\Homework3\UserFolder\50-th\Finland\73_14.333333333333334_HETU.csv was created."
2023-08-10 19:52:30,847 - INFO - Data was written in E:\Programming\pythonProj\pythonProject\PythonCourse\Homework3\UserFolder\50-th\Finland\73_14.333333333333334_HETU.csv."
2023-08-10 19:52:30,847 - INFO - Log paths E:\Programming\pythonProj\pythonProject\PythonCourse\Homework3\UserFolder\50-th\Germany\67_13_SVNR.csv was created."
2023-08-10 19:52:30,847 - INFO - Data was written in E:\Programming\pythonProj\pythonProject\PythonCourse\Homework3\UserFolder\50-th\Germany\67_13_SVNR.csv."
2023-08-10 19:52:30,847 - INFO - Log paths E:\Programming\pythonProj\pythonProject\PythonCourse\Homework3\UserFolder\50-th\United Kingdom\65_20_NINO.csv was created."
2023-08-10 19:52:30,848 - INFO - Data was written in E:\Programming\pythonProj\pythonProject\PythonCourse\Homework3\UserFolder\50-th\United Kingdom\65_20_NINO.csv."
2023-08-10 19:52:30,848 - INFO - Log paths E:\Programming\pythonProj\pythonProject\PythonCourse\Homework3\UserFolder\50-th\India\70_15.5_UIDAI.csv was created."
2023-08-10 19:52:30,848 - INFO - Data was written in E:\Programming\pythonProj\pythonProject\PythonCourse\Homework3\UserFolder\50-th\India\70_15.5_UIDAI.csv."
2023-08-10 19:52:30,848 - INFO - Log paths E:\Programming\pythonProj\pythonProject\PythonCourse\Homework3\UserFolder\50-th\Spain\68_10_DNI.csv was created."
2023-08-10 19:52:30,848 - INFO - Data was written in E:\Programming\pythonProj\pythonProject\PythonCourse\Homework3\UserFolder\50-th\Spain\68_10_DNI.csv."
2023-08-10 19:52:30,849 - INFO - Log paths E:\Programming\pythonProj\pythonProject\PythonCourse\Homework3\UserFolder\50-th\Ukraine\67_11.333333333333334_.csv was created."
2023-08-10 19:52:30,849 - INFO - Data was written in E:\Programming\pythonProj\pythonProject\PythonCourse\Homework3\UserFolder\50-th\Ukraine\67_11.333333333333334_.csv."
2023-08-10 19:52:30,849 - INFO - Log paths E:\Programming\pythonProj\pythonProject\PythonCourse\Homework3\UserFolder\50-th\United States\66_7_SSN.csv was created."
2023-08-10 19:52:30,849 - INFO - Data was written in E:\Programming\pythonProj\pythonProject\PythonCourse\Homework3\UserFolder\50-th\United States\66_7_SSN.csv."
2023-08-10 19:52:30,850 - INFO - Log paths E:\Programming\pythonProj\pythonProject\PythonCourse\Homework3\UserFolder\50-th\New Zealand\64_3_.csv was created."
2023-08-10 19:52:30,850 - INFO - Data was written in E:\Programming\pythonProj\pythonProject\PythonCourse\Homework3\UserFolder\50-th\New Zealand\64_3_.csv."
2023-08-10 19:52:30,850 - INFO - Log paths E:\Programming\pythonProj\pythonProject\PythonCourse\Homework3\UserFolder\50-th\Iran\67_3_.csv was created."
2023-08-10 19:52:30,850 - INFO - Data was written in E:\Programming\pythonProj\pythonProject\PythonCourse\Homework3\UserFolder\50-th\Iran\67_3_.csv."
2023-08-10 19:52:30,850 - INFO - Log paths E:\Programming\pythonProj\pythonProject\PythonCourse\Homework3\UserFolder\50-th\Serbia\64_10_SID.csv was created."
2023-08-10 19:52:30,851 - INFO - Data was written in E:\Programming\pythonProj\pythonProject\PythonCourse\Homework3\UserFolder\50-th\Serbia\64_10_SID.csv."
2023-08-10 19:52:30,851 - INFO - Log paths E:\Programming\pythonProj\pythonProject\PythonCourse\Homework3\UserFolder\70-th\New Zealand\52_6_.csv was created."
2023-08-10 19:52:30,851 - INFO - Data was written in E:\Programming\pythonProj\pythonProject\PythonCourse\Homework3\UserFolder\70-th\New Zealand\52_6_.csv."
2023-08-10 19:52:30,851 - INFO - Log paths E:\Programming\pythonProj\pythonProject\PythonCourse\Homework3\UserFolder\70-th\Spain\50_16_DNI.csv was created."
2023-08-10 19:52:30,852 - INFO - Data was written in E:\Programming\pythonProj\pythonProject\PythonCourse\Homework3\UserFolder\70-th\Spain\50_16_DNI.csv."
2023-08-10 19:52:30,852 - INFO - Log paths E:\Programming\pythonProj\pythonProject\PythonCourse\Homework3\UserFolder\70-th\Switzerland\52_18_AVS.csv was created."
2023-08-10 19:52:30,852 - INFO - Data was written in E:\Programming\pythonProj\pythonProject\PythonCourse\Homework3\UserFolder\70-th\Switzerland\52_18_AVS.csv."
2023-08-10 19:52:30,852 - INFO - Log paths E:\Programming\pythonProj\pythonProject\PythonCourse\Homework3\UserFolder\70-th\Ireland\50_13.75_PPS.csv was created."
2023-08-10 19:52:30,852 - INFO - Data was written in E:\Programming\pythonProj\pythonProject\PythonCourse\Homework3\UserFolder\70-th\Ireland\50_13.75_PPS.csv."
2023-08-10 19:52:30,853 - INFO - Log paths E:\Programming\pythonProj\pythonProject\PythonCourse\Homework3\UserFolder\70-th\Mexico\51_16.75_NSS.csv was created."
2023-08-10 19:52:30,853 - INFO - Data was written in E:\Programming\pythonProj\pythonProject\PythonCourse\Homework3\UserFolder\70-th\Mexico\51_16.75_NSS.csv."
2023-08-10 19:52:30,853 - INFO - Log paths E:\Programming\pythonProj\pythonProject\PythonCourse\Homework3\UserFolder\70-th\United States\52_7.5_SSN.csv was created."
2023-08-10 19:52:30,853 - INFO - Data was written in E:\Programming\pythonProj\pythonProject\PythonCourse\Homework3\UserFolder\70-th\United States\52_7.5_SSN.csv."
2023-08-10 19:52:30,854 - INFO - Log paths E:\Programming\pythonProj\pythonProject\PythonCourse\Homework3\UserFolder\70-th\India\50_8.5_UIDAI.csv was created."
2023-08-10 19:52:30,854 - INFO - Data was written in E:\Programming\pythonProj\pythonProject\PythonCourse\Homework3\UserFolder\70-th\India\50_8.5_UIDAI.csv."
2023-08-10 19:52:30,854 - INFO - Log paths E:\Programming\pythonProj\pythonProject\PythonCourse\Homework3\UserFolder\70-th\Finland\52_13_HETU.csv was created."
2023-08-10 19:52:30,854 - INFO - Data was written in E:\Programming\pythonProj\pythonProject\PythonCourse\Homework3\UserFolder\70-th\Finland\52_13_HETU.csv."
2023-08-10 19:52:30,855 - INFO - Log paths E:\Programming\pythonProj\pythonProject\PythonCourse\Homework3\UserFolder\70-th\Serbia\51_6_SID.csv was created."
2023-08-10 19:52:30,855 - INFO - Data was written in E:\Programming\pythonProj\pythonProject\PythonCourse\Homework3\UserFolder\70-th\Serbia\51_6_SID.csv."
2023-08-10 19:52:30,855 - INFO - Log paths E:\Programming\pythonProj\pythonProject\PythonCourse\Homework3\UserFolder\70-th\France\51_8_INSEE.csv was created."
2023-08-10 19:52:30,855 - INFO - Data was written in E:\Programming\pythonProj\pythonProject\PythonCourse\Homework3\UserFolder\70-th\France\51_8_INSEE.csv."
2023-08-10 19:52:30,856 - INFO - Log paths E:\Programming\pythonProj\pythonProject\PythonCourse\Homework3\UserFolder\70-th\Iran\53_6.5_.csv was created."
2023-08-10 19:52:30,856 - INFO - Data was written in E:\Programming\pythonProj\pythonProject\PythonCourse\Homework3\UserFolder\70-th\Iran\53_6.5_.csv."
2023-08-10 19:52:30,856 - INFO - Log paths E:\Programming\pythonProj\pythonProject\PythonCourse\Homework3\UserFolder\70-th\Brazil\48_13_CPF.csv was created."
2023-08-10 19:52:30,856 - INFO - Data was written in E:\Programming\pythonProj\pythonProject\PythonCourse\Homework3\UserFolder\70-th\Brazil\48_13_CPF.csv."
2023-08-10 19:52:30,857 - INFO - Log paths E:\Programming\pythonProj\pythonProject\PythonCourse\Homework3\UserFolder\70-th\Denmark\51_7_CPR.csv was created."
2023-08-10 19:52:30,857 - INFO - Data was written in E:\Programming\pythonProj\pythonProject\PythonCourse\Homework3\UserFolder\70-th\Denmark\51_7_CPR.csv."
2023-08-10 19:52:30,857 - INFO - Log paths E:\Programming\pythonProj\pythonProject\PythonCourse\Homework3\UserFolder\70-th\Netherlands\52_12_BSN.csv was created."
2023-08-10 19:52:30,857 - INFO - Data was written in E:\Programming\pythonProj\pythonProject\PythonCourse\Homework3\UserFolder\70-th\Netherlands\52_12_BSN.csv."
2023-08-10 19:52:30,857 - INFO - Log paths E:\Programming\pythonProj\pythonProject\PythonCourse\Homework3\UserFolder\70-th\United Kingdom\53_11.4_NINO.csv was created."
2023-08-10 19:52:30,858 - INFO - Data was written in E:\Programming\pythonProj\pythonProject\PythonCourse\Homework3\UserFolder\70-th\United Kingdom\53_11.4_NINO.csv."
2023-08-10 19:52:30,858 - INFO - Log paths E:\Programming\pythonProj\pythonProject\PythonCourse\Homework3\UserFolder\70-th\Germany\48_8_SVNR.csv was created."
2023-08-10 19:52:30,858 - INFO - Data was written in E:\Programming\pythonProj\pythonProject\PythonCourse\Homework3\UserFolder\70-th\Germany\48_8_SVNR.csv."
2023-08-10 19:52:30,858 - INFO - Log paths E:\Programming\pythonProj\pythonProject\PythonCourse\Homework3\UserFolder\70-th\Australia\47_13_TFN.csv was created."
2023-08-10 19:52:30,858 - INFO - Data was written in E:\Programming\pythonProj\pythonProject\PythonCourse\Homework3\UserFolder\70-th\Australia\47_13_TFN.csv."
2023-08-10 19:52:30,859 - INFO - Log paths E:\Programming\pythonProj\pythonProject\PythonCourse\Homework3\UserFolder\70-th\Ukraine\44_12.666666666666666_.csv was created."
2023-08-10 19:52:30,859 - INFO - Data was written in E:\Programming\pythonProj\pythonProject\PythonCourse\Homework3\UserFolder\70-th\Ukraine\44_12.666666666666666_.csv."
2023-08-10 19:52:30,859 - INFO - Log paths E:\Programming\pythonProj\pythonProject\PythonCourse\Homework3\UserFolder\70-th\Norway\48_19_FN.csv was created."
2023-08-10 19:52:30,859 - INFO - Data was written in E:\Programming\pythonProj\pythonProject\PythonCourse\Homework3\UserFolder\70-th\Norway\48_19_FN.csv."
2023-08-10 19:52:30,860 - INFO - Log paths E:\Programming\pythonProj\pythonProject\PythonCourse\Homework3\UserFolder\70-th\Canada\50_13.5_SIN.csv was created."
2023-08-10 19:52:30,860 - INFO - Data was written in E:\Programming\pythonProj\pythonProject\PythonCourse\Homework3\UserFolder\70-th\Canada\50_13.5_SIN.csv."
2023-08-10 19:52:30,860 - INFO - Log paths E:\Programming\pythonProj\pythonProject\PythonCourse\Homework3\UserFolder\60-th\United Kingdom\63_8.5_NINO.csv was created."
2023-08-10 19:52:30,860 - INFO - Data was written in E:\Programming\pythonProj\pythonProject\PythonCourse\Homework3\UserFolder\60-th\United Kingdom\63_8.5_NINO.csv."
2023-08-10 19:52:30,861 - INFO - Log paths E:\Programming\pythonProj\pythonProject\PythonCourse\Homework3\UserFolder\60-th\Ukraine\63_13_.csv was created."
2023-08-10 19:52:30,861 - INFO - Data was written in E:\Programming\pythonProj\pythonProject\PythonCourse\Homework3\UserFolder\60-th\Ukraine\63_13_.csv."
2023-08-10 19:52:30,861 - INFO - Log paths E:\Programming\pythonProj\pythonProject\PythonCourse\Homework3\UserFolder\60-th\Brazil\61_11.75_CPF.csv was created."
2023-08-10 19:52:30,861 - INFO - Data was written in E:\Programming\pythonProj\pythonProject\PythonCourse\Homework3\UserFolder\60-th\Brazil\61_11.75_CPF.csv."
2023-08-10 19:52:30,861 - INFO - Log paths E:\Programming\pythonProj\pythonProject\PythonCourse\Homework3\UserFolder\60-th\Turkey\62_10.666666666666666_.csv was created."
2023-08-10 19:52:30,862 - INFO - Data was written in E:\Programming\pythonProj\pythonProject\PythonCourse\Homework3\UserFolder\60-th\Turkey\62_10.666666666666666_.csv."
2023-08-10 19:52:30,862 - INFO - Log paths E:\Programming\pythonProj\pythonProject\PythonCourse\Homework3\UserFolder\60-th\Ireland\62_13.666666666666666_PPS.csv was created."
2023-08-10 19:52:30,862 - INFO - Data was written in E:\Programming\pythonProj\pythonProject\PythonCourse\Homework3\UserFolder\60-th\Ireland\62_13.666666666666666_PPS.csv."
2023-08-10 19:52:30,862 - INFO - Log paths E:\Programming\pythonProj\pythonProject\PythonCourse\Homework3\UserFolder\60-th\Serbia\62_8.5_SID.csv was created."
2023-08-10 19:52:30,863 - INFO - Data was written in E:\Programming\pythonProj\pythonProject\PythonCourse\Homework3\UserFolder\60-th\Serbia\62_8.5_SID.csv."
2023-08-10 19:52:30,863 - INFO - Log paths E:\Programming\pythonProj\pythonProject\PythonCourse\Homework3\UserFolder\60-th\Switzerland\58_12_AVS.csv was created."
2023-08-10 19:52:30,863 - INFO - Data was written in E:\Programming\pythonProj\pythonProject\PythonCourse\Homework3\UserFolder\60-th\Switzerland\58_12_AVS.csv."
2023-08-10 19:52:30,863 - INFO - Log paths E:\Programming\pythonProj\pythonProject\PythonCourse\Homework3\UserFolder\60-th\Canada\60_10_SIN.csv was created."
2023-08-10 19:52:30,864 - INFO - Data was written in E:\Programming\pythonProj\pythonProject\PythonCourse\Homework3\UserFolder\60-th\Canada\60_10_SIN.csv."
2023-08-10 19:52:30,864 - INFO - Log paths E:\Programming\pythonProj\pythonProject\PythonCourse\Homework3\UserFolder\60-th\New Zealand\61_14_.csv was created."
2023-08-10 19:52:30,864 - INFO - Data was written in E:\Programming\pythonProj\pythonProject\PythonCourse\Homework3\UserFolder\60-th\New Zealand\61_14_.csv."
2023-08-10 19:52:30,864 - INFO - Log paths E:\Programming\pythonProj\pythonProject\PythonCourse\Homework3\UserFolder\60-th\United States\61_7.5_SSN.csv was created."
2023-08-10 19:52:30,864 - INFO - Data was written in E:\Programming\pythonProj\pythonProject\PythonCourse\Homework3\UserFolder\60-th\United States\61_7.5_SSN.csv."
2023-08-10 19:52:30,865 - INFO - Log paths E:\Programming\pythonProj\pythonProject\PythonCourse\Homework3\UserFolder\60-th\Mexico\62_10.333333333333334_NSS.csv was created."
2023-08-10 19:52:30,865 - INFO - Data was written in E:\Programming\pythonProj\pythonProject\PythonCourse\Homework3\UserFolder\60-th\Mexico\62_10.333333333333334_NSS.csv."
2023-08-10 19:52:30,865 - INFO - Log paths E:\Programming\pythonProj\pythonProject\PythonCourse\Homework3\UserFolder\60-th\Spain\63_12.5_DNI.csv was created."
2023-08-10 19:52:30,865 - INFO - Data was written in E:\Programming\pythonProj\pythonProject\PythonCourse\Homework3\UserFolder\60-th\Spain\63_12.5_DNI.csv."
2023-08-10 19:52:30,866 - INFO - Log paths E:\Programming\pythonProj\pythonProject\PythonCourse\Homework3\UserFolder\60-th\Denmark\57_8_CPR.csv was created."
2023-08-10 19:52:30,866 - INFO - Data was written in E:\Programming\pythonProj\pythonProject\PythonCourse\Homework3\UserFolder\60-th\Denmark\57_8_CPR.csv."
2023-08-10 19:52:30,866 - INFO - Log paths E:\Programming\pythonProj\pythonProject\PythonCourse\Homework3\UserFolder\60-th\Finland\61_10_HETU.csv was created."
2023-08-10 19:52:30,866 - INFO - Data was written in E:\Programming\pythonProj\pythonProject\PythonCourse\Homework3\UserFolder\60-th\Finland\61_10_HETU.csv."
2023-08-10 19:52:30,866 - INFO - Log paths E:\Programming\pythonProj\pythonProject\PythonCourse\Homework3\UserFolder\60-th\India\63_10.4_UIDAI.csv was created."
2023-08-10 19:52:30,867 - INFO - Data was written in E:\Programming\pythonProj\pythonProject\PythonCourse\Homework3\UserFolder\60-th\India\63_10.4_UIDAI.csv."
2023-08-10 19:52:30,867 - INFO - Log paths E:\Programming\pythonProj\pythonProject\PythonCourse\Homework3\UserFolder\60-th\Iran\56_12.5_.csv was created."
2023-08-10 19:52:30,867 - INFO - Data was written in E:\Programming\pythonProj\pythonProject\PythonCourse\Homework3\UserFolder\60-th\Iran\56_12.5_.csv."
2023-08-10 19:52:30,867 - INFO - Log paths E:\Programming\pythonProj\pythonProject\PythonCourse\Homework3\UserFolder\60-th\France\63_10.2_INSEE.csv was created."
2023-08-10 19:52:30,868 - INFO - Data was written in E:\Programming\pythonProj\pythonProject\PythonCourse\Homework3\UserFolder\60-th\France\63_10.2_INSEE.csv."
2023-08-10 19:52:30,868 - INFO - Log paths E:\Programming\pythonProj\pythonProject\PythonCourse\Homework3\UserFolder\60-th\Australia\57_8.5_TFN.csv was created."
2023-08-10 19:52:30,868 - INFO - Data was written in E:\Programming\pythonProj\pythonProject\PythonCourse\Homework3\UserFolder\60-th\Australia\57_8.5_TFN.csv."
2023-08-10 19:52:30,868 - INFO - Log paths E:\Programming\pythonProj\pythonProject\PythonCourse\Homework3\UserFolder\60-th\Germany\56_17_SVNR.csv was created."
2023-08-10 19:52:30,868 - INFO - Data was written in E:\Programming\pythonProj\pythonProject\PythonCourse\Homework3\UserFolder\60-th\Germany\56_17_SVNR.csv."
2023-08-10 19:52:30,869 - INFO - Log paths E:\Programming\pythonProj\pythonProject\PythonCourse\Homework3\UserFolder\60-th\Netherlands\62_11.666666666666666_BSN.csv was created."
2023-08-10 19:52:30,869 - INFO - Data was written in E:\Programming\pythonProj\pythonProject\PythonCourse\Homework3\UserFolder\60-th\Netherlands\62_11.666666666666666_BSN.csv."
2023-08-10 19:52:30,869 - INFO - Log paths E:\Programming\pythonProj\pythonProject\PythonCourse\Homework3\UserFolder\90-th\Finland\33_11.6_HETU.csv was created."
2023-08-10 19:52:30,869 - INFO - Data was written in E:\Programming\pythonProj\pythonProject\PythonCourse\Homework3\UserFolder\90-th\Finland\33_11.6_HETU.csv."
2023-08-10 19:52:30,870 - INFO - Log paths E:\Programming\pythonProj\pythonProject\PythonCourse\Homework3\UserFolder\90-th\France\32_6.333333333333333_INSEE.csv was created."
2023-08-10 19:52:30,870 - INFO - Data was written in E:\Programming\pythonProj\pythonProject\PythonCourse\Homework3\UserFolder\90-th\France\32_6.333333333333333_INSEE.csv."
2023-08-10 19:52:30,870 - INFO - Log paths E:\Programming\pythonProj\pythonProject\PythonCourse\Homework3\UserFolder\90-th\Iran\31_9.285714285714286_.csv was created."
2023-08-10 19:52:30,870 - INFO - Data was written in E:\Programming\pythonProj\pythonProject\PythonCourse\Homework3\UserFolder\90-th\Iran\31_9.285714285714286_.csv."
2023-08-10 19:52:30,871 - INFO - Log paths E:\Programming\pythonProj\pythonProject\PythonCourse\Homework3\UserFolder\90-th\India\26_5_UIDAI.csv was created."
2023-08-10 19:52:30,871 - INFO - Data was written in E:\Programming\pythonProj\pythonProject\PythonCourse\Homework3\UserFolder\90-th\India\26_5_UIDAI.csv."
2023-08-10 19:52:30,871 - INFO - Log paths E:\Programming\pythonProj\pythonProject\PythonCourse\Homework3\UserFolder\90-th\Ireland\32_8_PPS.csv was created."
2023-08-10 19:52:30,871 - INFO - Data was written in E:\Programming\pythonProj\pythonProject\PythonCourse\Homework3\UserFolder\90-th\Ireland\32_8_PPS.csv."
2023-08-10 19:52:30,871 - INFO - Log paths E:\Programming\pythonProj\pythonProject\PythonCourse\Homework3\UserFolder\90-th\Turkey\33_14_.csv was created."
2023-08-10 19:52:30,872 - INFO - Data was written in E:\Programming\pythonProj\pythonProject\PythonCourse\Homework3\UserFolder\90-th\Turkey\33_14_.csv."
2023-08-10 19:52:30,872 - INFO - Log paths E:\Programming\pythonProj\pythonProject\PythonCourse\Homework3\UserFolder\90-th\United Kingdom\28_10.666666666666666_NINO.csv was created."
2023-08-10 19:52:30,872 - INFO - Data was written in E:\Programming\pythonProj\pythonProject\PythonCourse\Homework3\UserFolder\90-th\United Kingdom\28_10.666666666666666_NINO.csv."
2023-08-10 19:52:30,872 - INFO - Log paths E:\Programming\pythonProj\pythonProject\PythonCourse\Homework3\UserFolder\90-th\Switzerland\27_5.333333333333333_AVS.csv was created."
2023-08-10 19:52:30,873 - INFO - Data was written in E:\Programming\pythonProj\pythonProject\PythonCourse\Homework3\UserFolder\90-th\Switzerland\27_5.333333333333333_AVS.csv."
2023-08-10 19:52:30,873 - INFO - Log paths E:\Programming\pythonProj\pythonProject\PythonCourse\Homework3\UserFolder\90-th\Ukraine\29_4.5_.csv was created."
2023-08-10 19:52:30,873 - INFO - Data was written in E:\Programming\pythonProj\pythonProject\PythonCourse\Homework3\UserFolder\90-th\Ukraine\29_4.5_.csv."
2023-08-10 19:52:30,873 - INFO - Log paths E:\Programming\pythonProj\pythonProject\PythonCourse\Homework3\UserFolder\90-th\Serbia\33_12.5_SID.csv was created."
2023-08-10 19:52:30,874 - INFO - Data was written in E:\Programming\pythonProj\pythonProject\PythonCourse\Homework3\UserFolder\90-th\Serbia\33_12.5_SID.csv."
2023-08-10 19:52:30,874 - INFO - Log paths E:\Programming\pythonProj\pythonProject\PythonCourse\Homework3\UserFolder\90-th\Germany\30_10_SVNR.csv was created."
2023-08-10 19:52:30,874 - INFO - Data was written in E:\Programming\pythonProj\pythonProject\PythonCourse\Homework3\UserFolder\90-th\Germany\30_10_SVNR.csv."
2023-08-10 19:52:30,874 - INFO - Log paths E:\Programming\pythonProj\pythonProject\PythonCourse\Homework3\UserFolder\90-th\Brazil\33_10.333333333333334_CPF.csv was created."
2023-08-10 19:52:30,874 - INFO - Data was written in E:\Programming\pythonProj\pythonProject\PythonCourse\Homework3\UserFolder\90-th\Brazil\33_10.333333333333334_CPF.csv."
2023-08-10 19:52:30,875 - INFO - Log paths E:\Programming\pythonProj\pythonProject\PythonCourse\Homework3\UserFolder\90-th\New Zealand\29_5_.csv was created."
2023-08-10 19:52:30,875 - INFO - Data was written in E:\Programming\pythonProj\pythonProject\PythonCourse\Homework3\UserFolder\90-th\New Zealand\29_5_.csv."
2023-08-10 19:52:30,875 - INFO - Log paths E:\Programming\pythonProj\pythonProject\PythonCourse\Homework3\UserFolder\90-th\Mexico\30_12_NSS.csv was created."
2023-08-10 19:52:30,875 - INFO - Data was written in E:\Programming\pythonProj\pythonProject\PythonCourse\Homework3\UserFolder\90-th\Mexico\30_12_NSS.csv."
2023-08-10 19:52:30,875 - INFO - Log paths E:\Programming\pythonProj\pythonProject\PythonCourse\Homework3\UserFolder\90-th\Australia\33_6_TFN.csv was created."
2023-08-10 19:52:30,876 - INFO - Data was written in E:\Programming\pythonProj\pythonProject\PythonCourse\Homework3\UserFolder\90-th\Australia\33_6_TFN.csv."
2023-08-10 19:52:30,876 - INFO - Log paths E:\Programming\pythonProj\pythonProject\PythonCourse\Homework3\UserFolder\90-th\Denmark\29_12_CPR.csv was created."
2023-08-10 19:52:30,876 - INFO - Data was written in E:\Programming\pythonProj\pythonProject\PythonCourse\Homework3\UserFolder\90-th\Denmark\29_12_CPR.csv."
2023-08-10 19:52:30,876 - INFO - Log paths E:\Programming\pythonProj\pythonProject\PythonCourse\Homework3\UserFolder\90-th\Spain\32_8_DNI.csv was created."
2023-08-10 19:52:30,877 - INFO - Data was written in E:\Programming\pythonProj\pythonProject\PythonCourse\Homework3\UserFolder\90-th\Spain\32_8_DNI.csv."
2023-08-10 19:52:30,877 - INFO - Log paths E:\Programming\pythonProj\pythonProject\PythonCourse\Homework3\UserFolder\90-th\United States\32_3_SSN.csv was created."
2023-08-10 19:52:30,877 - INFO - Data was written in E:\Programming\pythonProj\pythonProject\PythonCourse\Homework3\UserFolder\90-th\United States\32_3_SSN.csv."
2023-08-10 19:52:30,877 - INFO - Log paths E:\Programming\pythonProj\pythonProject\PythonCourse\Homework3\UserFolder\80-th\France\42_14_INSEE.csv was created."
2023-08-10 19:52:30,878 - INFO - Data was written in E:\Programming\pythonProj\pythonProject\PythonCourse\Homework3\UserFolder\80-th\France\42_14_INSEE.csv."
2023-08-10 19:52:30,878 - INFO - Log paths E:\Programming\pythonProj\pythonProject\PythonCourse\Homework3\UserFolder\80-th\Finland\42_6.5_HETU.csv was created."
2023-08-10 19:52:30,878 - INFO - Data was written in E:\Programming\pythonProj\pythonProject\PythonCourse\Homework3\UserFolder\80-th\Finland\42_6.5_HETU.csv."
2023-08-10 19:52:30,878 - INFO - Log paths E:\Programming\pythonProj\pythonProject\PythonCourse\Homework3\UserFolder\80-th\Norway\42_10.166666666666666_FN.csv was created."
2023-08-10 19:52:30,879 - INFO - Data was written in E:\Programming\pythonProj\pythonProject\PythonCourse\Homework3\UserFolder\80-th\Norway\42_10.166666666666666_FN.csv."
2023-08-10 19:52:30,879 - INFO - Log paths E:\Programming\pythonProj\pythonProject\PythonCourse\Homework3\UserFolder\80-th\Iran\34_7_.csv was created."
2023-08-10 19:52:30,879 - INFO - Data was written in E:\Programming\pythonProj\pythonProject\PythonCourse\Homework3\UserFolder\80-th\Iran\34_7_.csv."
2023-08-10 19:52:30,879 - INFO - Log paths E:\Programming\pythonProj\pythonProject\PythonCourse\Homework3\UserFolder\80-th\Australia\42_9_TFN.csv was created."
2023-08-10 19:52:30,879 - INFO - Data was written in E:\Programming\pythonProj\pythonProject\PythonCourse\Homework3\UserFolder\80-th\Australia\42_9_TFN.csv."
2023-08-10 19:52:30,880 - INFO - Log paths E:\Programming\pythonProj\pythonProject\PythonCourse\Homework3\UserFolder\80-th\Denmark\43_13.5_CPR.csv was created."
2023-08-10 19:52:30,880 - INFO - Data was written in E:\Programming\pythonProj\pythonProject\PythonCourse\Homework3\UserFolder\80-th\Denmark\43_13.5_CPR.csv."
2023-08-10 19:52:30,880 - INFO - Log paths E:\Programming\pythonProj\pythonProject\PythonCourse\Homework3\UserFolder\80-th\Serbia\34_18_SID.csv was created."
2023-08-10 19:52:30,880 - INFO - Data was written in E:\Programming\pythonProj\pythonProject\PythonCourse\Homework3\UserFolder\80-th\Serbia\34_18_SID.csv."
2023-08-10 19:52:30,881 - INFO - Log paths E:\Programming\pythonProj\pythonProject\PythonCourse\Homework3\UserFolder\80-th\India\42_16.5_UIDAI.csv was created."
2023-08-10 19:52:30,881 - INFO - Data was written in E:\Programming\pythonProj\pythonProject\PythonCourse\Homework3\UserFolder\80-th\India\42_16.5_UIDAI.csv."
2023-08-10 19:52:30,881 - INFO - Log paths E:\Programming\pythonProj\pythonProject\PythonCourse\Homework3\UserFolder\80-th\New Zealand\40_12.833333333333334_.csv was created."
2023-08-10 19:52:30,881 - INFO - Data was written in E:\Programming\pythonProj\pythonProject\PythonCourse\Homework3\UserFolder\80-th\New Zealand\40_12.833333333333334_.csv."
2023-08-10 19:52:30,881 - INFO - Log paths E:\Programming\pythonProj\pythonProject\PythonCourse\Homework3\UserFolder\80-th\Canada\36_14.5_SIN.csv was created."
2023-08-10 19:52:30,882 - INFO - Data was written in E:\Programming\pythonProj\pythonProject\PythonCourse\Homework3\UserFolder\80-th\Canada\36_14.5_SIN.csv."
2023-08-10 19:52:30,882 - INFO - Log paths E:\Programming\pythonProj\pythonProject\PythonCourse\Homework3\UserFolder\80-th\Switzerland\42_9.333333333333334_AVS.csv was created."
2023-08-10 19:52:30,882 - INFO - Data was written in E:\Programming\pythonProj\pythonProject\PythonCourse\Homework3\UserFolder\80-th\Switzerland\42_9.333333333333334_AVS.csv."
2023-08-10 19:52:30,882 - INFO - Log paths E:\Programming\pythonProj\pythonProject\PythonCourse\Homework3\UserFolder\80-th\Mexico\38_11_NSS.csv was created."
2023-08-10 19:52:30,883 - INFO - Data was written in E:\Programming\pythonProj\pythonProject\PythonCourse\Homework3\UserFolder\80-th\Mexico\38_11_NSS.csv."
2023-08-10 19:52:30,883 - INFO - Log paths E:\Programming\pythonProj\pythonProject\PythonCourse\Homework3\UserFolder\80-th\Spain\42_12_DNI.csv was created."
2023-08-10 19:52:30,883 - INFO - Data was written in E:\Programming\pythonProj\pythonProject\PythonCourse\Homework3\UserFolder\80-th\Spain\42_12_DNI.csv."
2023-08-10 19:52:30,883 - INFO - Log paths E:\Programming\pythonProj\pythonProject\PythonCourse\Homework3\UserFolder\80-th\Brazil\34_12_CPF.csv was created."
2023-08-10 19:52:30,883 - INFO - Data was written in E:\Programming\pythonProj\pythonProject\PythonCourse\Homework3\UserFolder\80-th\Brazil\34_12_CPF.csv."
2023-08-10 19:52:30,884 - INFO - Log paths E:\Programming\pythonProj\pythonProject\PythonCourse\Homework3\UserFolder\80-th\Turkey\40_18.5_.csv was created."
2023-08-10 19:52:30,884 - INFO - Data was written in E:\Programming\pythonProj\pythonProject\PythonCourse\Homework3\UserFolder\80-th\Turkey\40_18.5_.csv."
2023-08-10 19:52:30,884 - INFO - Log paths E:\Programming\pythonProj\pythonProject\PythonCourse\Homework3\UserFolder\80-th\Ukraine\42_8_.csv was created."
2023-08-10 19:52:30,884 - INFO - Data was written in E:\Programming\pythonProj\pythonProject\PythonCourse\Homework3\UserFolder\80-th\Ukraine\42_8_.csv."
2023-08-10 19:52:30,884 - INFO - Log paths E:\Programming\pythonProj\pythonProject\PythonCourse\Homework3\UserFolder\80-th\Netherlands\35_14_BSN.csv was created."
2023-08-10 19:52:30,885 - INFO - Data was written in E:\Programming\pythonProj\pythonProject\PythonCourse\Homework3\UserFolder\80-th\Netherlands\35_14_BSN.csv."
2023-08-10 19:52:30,885 - INFO - Log paths E:\Programming\pythonProj\pythonProject\PythonCourse\Homework3\UserFolder\80-th\Germany\42_4_SVNR.csv was created."
2023-08-10 19:52:30,885 - INFO - Data was written in E:\Programming\pythonProj\pythonProject\PythonCourse\Homework3\UserFolder\80-th\Germany\42_4_SVNR.csv."
2023-08-10 19:52:30,885 - INFO - Log paths E:\Programming\pythonProj\pythonProject\PythonCourse\Homework3\UserFolder\40-th\Norway\78_9.666666666666666_FN.csv was created."
2023-08-10 19:52:30,886 - INFO - Data was written in E:\Programming\pythonProj\pythonProject\PythonCourse\Homework3\UserFolder\40-th\Norway\78_9.666666666666666_FN.csv."
2023-08-10 19:52:30,886 - INFO - Log paths E:\Programming\pythonProj\pythonProject\PythonCourse\Homework3\UserFolder\40-th\Australia\78_12.25_TFN.csv was created."
2023-08-10 19:52:30,886 - INFO - Data was written in E:\Programming\pythonProj\pythonProject\PythonCourse\Homework3\UserFolder\40-th\Australia\78_12.25_TFN.csv."
2023-08-10 19:52:30,886 - INFO - Log paths E:\Programming\pythonProj\pythonProject\PythonCourse\Homework3\UserFolder\40-th\Switzerland\75_8_AVS.csv was created."
2023-08-10 19:52:30,886 - INFO - Data was written in E:\Programming\pythonProj\pythonProject\PythonCourse\Homework3\UserFolder\40-th\Switzerland\75_8_AVS.csv."
2023-08-10 19:52:30,887 - INFO - Log paths E:\Programming\pythonProj\pythonProject\PythonCourse\Homework3\UserFolder\40-th\Canada\74_1_SIN.csv was created."
2023-08-10 19:52:30,887 - INFO - Data was written in E:\Programming\pythonProj\pythonProject\PythonCourse\Homework3\UserFolder\40-th\Canada\74_1_SIN.csv."
2023-08-10 19:52:30,887 - INFO - Log paths E:\Programming\pythonProj\pythonProject\PythonCourse\Homework3\UserFolder\40-th\Mexico\77_14_NSS.csv was created."
2023-08-10 19:52:30,887 - INFO - Data was written in E:\Programming\pythonProj\pythonProject\PythonCourse\Homework3\UserFolder\40-th\Mexico\77_14_NSS.csv."
2023-08-10 19:52:30,887 - INFO - Log paths E:\Programming\pythonProj\pythonProject\PythonCourse\Homework3\UserFolder\40-th\Ireland\73_9_PPS.csv was created."
2023-08-10 19:52:30,888 - INFO - Data was written in E:\Programming\pythonProj\pythonProject\PythonCourse\Homework3\UserFolder\40-th\Ireland\73_9_PPS.csv."
2023-08-10 19:52:30,888 - INFO - Log paths E:\Programming\pythonProj\pythonProject\PythonCourse\Homework3\UserFolder\40-th\India\77_18_UIDAI.csv was created."
2023-08-10 19:52:30,888 - INFO - Data was written in E:\Programming\pythonProj\pythonProject\PythonCourse\Homework3\UserFolder\40-th\India\77_18_UIDAI.csv."
2023-08-10 19:52:30,888 - INFO - Log paths E:\Programming\pythonProj\pythonProject\PythonCourse\Homework3\UserFolder\40-th\Netherlands\77_4.5_BSN.csv was created."
2023-08-10 19:52:30,889 - INFO - Data was written in E:\Programming\pythonProj\pythonProject\PythonCourse\Homework3\UserFolder\40-th\Netherlands\77_4.5_BSN.csv."
2023-08-10 19:52:30,889 - INFO - Log paths E:\Programming\pythonProj\pythonProject\PythonCourse\Homework3\UserFolder\40-th\Iran\77_6.5_.csv was created."
2023-08-10 19:52:30,889 - INFO - Data was written in E:\Programming\pythonProj\pythonProject\PythonCourse\Homework3\UserFolder\40-th\Iran\77_6.5_.csv."
2023-08-10 19:52:30,889 - INFO - Log paths E:\Programming\pythonProj\pythonProject\PythonCourse\Homework3\UserFolder\40-th\United States\78_18_SSN.csv was created."
2023-08-10 19:52:30,889 - INFO - Data was written in E:\Programming\pythonProj\pythonProject\PythonCourse\Homework3\UserFolder\40-th\United States\78_18_SSN.csv."
2023-08-10 19:52:30,890 - INFO - Log paths E:\Programming\pythonProj\pythonProject\PythonCourse\Homework3\UserFolder\40-th\Brazil\77_4.5_CPF.csv was created."
2023-08-10 19:52:30,890 - INFO - Data was written in E:\Programming\pythonProj\pythonProject\PythonCourse\Homework3\UserFolder\40-th\Brazil\77_4.5_CPF.csv."
2023-08-10 19:52:30,890 - INFO - Log paths E:\Programming\pythonProj\pythonProject\PythonCourse\Homework3\UserFolder\40-th\United Kingdom\73_1_NINO.csv was created."
2023-08-10 19:52:30,890 - INFO - Data was written in E:\Programming\pythonProj\pythonProject\PythonCourse\Homework3\UserFolder\40-th\United Kingdom\73_1_NINO.csv."
2023-08-10 19:52:30,890 - INFO - Log paths E:\Programming\pythonProj\pythonProject\PythonCourse\Homework3\UserFolder\40-th\Finland\78_18_HETU.csv was created."
2023-08-10 19:52:30,891 - INFO - Data was written in E:\Programming\pythonProj\pythonProject\PythonCourse\Homework3\UserFolder\40-th\Finland\78_18_HETU.csv."
2023-08-10 19:52:30,891 - INFO - Log paths E:\Programming\pythonProj\pythonProject\PythonCourse\Homework3\UserFolder\40-th\Denmark\76_20_CPR.csv was created."
2023-08-10 19:52:30,891 - INFO - Data was written in E:\Programming\pythonProj\pythonProject\PythonCourse\Homework3\UserFolder\40-th\Denmark\76_20_CPR.csv."
2023-08-10 19:52:30,891 - INFO - Log paths E:\Programming\pythonProj\pythonProject\PythonCourse\Homework3\UserFolder\40-th\Turkey\77_2_.csv was created."
2023-08-10 19:52:30,891 - INFO - Data was written in E:\Programming\pythonProj\pythonProject\PythonCourse\Homework3\UserFolder\40-th\Turkey\77_2_.csv."
2023-08-10 19:52:30,892 - INFO - Log paths E:\Programming\pythonProj\pythonProject\PythonCourse\Homework3\UserFolder\00-th\Netherlands\23_18_BSN.csv was created."
2023-08-10 19:52:30,892 - INFO - Data was written in E:\Programming\pythonProj\pythonProject\PythonCourse\Homework3\UserFolder\00-th\Netherlands\23_18_BSN.csv."
2023-08-10 19:52:30,892 - INFO - Log paths E:\Programming\pythonProj\pythonProject\PythonCourse\Homework3\UserFolder\00-th\Ukraine\22_17_.csv was created."
2023-08-10 19:52:30,892 - INFO - Data was written in E:\Programming\pythonProj\pythonProject\PythonCourse\Homework3\UserFolder\00-th\Ukraine\22_17_.csv."
2023-08-10 19:52:30,893 - INFO - Log paths E:\Programming\pythonProj\pythonProject\PythonCourse\Homework3\UserFolder\00-th\United States\22_6_SSN.csv was created."
2023-08-10 19:52:30,893 - INFO - Data was written in E:\Programming\pythonProj\pythonProject\PythonCourse\Homework3\UserFolder\00-th\United States\22_6_SSN.csv."
2023-08-10 19:52:30,893 - INFO - Log paths E:\Programming\pythonProj\pythonProject\PythonCourse\Homework3\UserFolder\00-th\Turkey\22_17_.csv was created."
2023-08-10 19:52:30,893 - INFO - Data was written in E:\Programming\pythonProj\pythonProject\PythonCourse\Homework3\UserFolder\00-th\Turkey\22_17_.csv."
2023-08-10 19:52:30,893 - INFO - Log paths E:\Programming\pythonProj\pythonProject\PythonCourse\Homework3\UserFolder\00-th\Canada\23_16_SIN.csv was created."
2023-08-10 19:52:30,894 - INFO - Data was written in E:\Programming\pythonProj\pythonProject\PythonCourse\Homework3\UserFolder\00-th\Canada\23_16_SIN.csv."
2023-08-10 19:52:30,900 - INFO - Data before 60 decade was removed!"
2023-08-10 19:52:30,900 - INFO - [D] 60-th"
2023-08-10 19:52:30,900 - INFO - 	[D] Australia"
2023-08-10 19:52:30,900 - INFO - 		[F] 57_8.5_TFN.csv"
2023-08-10 19:52:30,901 - INFO - 	[D] Brazil"
2023-08-10 19:52:30,901 - INFO - 		[F] 61_11.75_CPF.csv"
2023-08-10 19:52:30,901 - INFO - 	[D] Canada"
2023-08-10 19:52:30,901 - INFO - 		[F] 60_10_SIN.csv"
2023-08-10 19:52:30,901 - INFO - 	[D] Denmark"
2023-08-10 19:52:30,901 - INFO - 		[F] 57_8_CPR.csv"
2023-08-10 19:52:30,901 - INFO - 	[D] Finland"
2023-08-10 19:52:30,901 - INFO - 		[F] 61_10_HETU.csv"
2023-08-10 19:52:30,901 - INFO - 	[D] France"
2023-08-10 19:52:30,901 - INFO - 		[F] 63_10.2_INSEE.csv"
2023-08-10 19:52:30,901 - INFO - 	[D] Germany"
2023-08-10 19:52:30,902 - INFO - 		[F] 56_17_SVNR.csv"
2023-08-10 19:52:30,902 - INFO - 	[D] India"
2023-08-10 19:52:30,902 - INFO - 		[F] 63_10.4_UIDAI.csv"
2023-08-10 19:52:30,902 - INFO - 	[D] Iran"
2023-08-10 19:52:30,902 - INFO - 		[F] 56_12.5_.csv"
2023-08-10 19:52:30,902 - INFO - 	[D] Ireland"
2023-08-10 19:52:30,902 - INFO - 		[F] 62_13.666666666666666_PPS.csv"
2023-08-10 19:52:30,902 - INFO - 	[D] Mexico"
2023-08-10 19:52:30,902 - INFO - 		[F] 62_10.333333333333334_NSS.csv"
2023-08-10 19:52:30,902 - INFO - 	[D] Netherlands"
2023-08-10 19:52:30,902 - INFO - 		[F] 62_11.666666666666666_BSN.csv"
2023-08-10 19:52:30,903 - INFO - 	[D] New Zealand"
2023-08-10 19:52:30,903 - INFO - 		[F] 61_14_.csv"
2023-08-10 19:52:30,903 - INFO - 	[D] Serbia"
2023-08-10 19:52:30,903 - INFO - 		[F] 62_8.5_SID.csv"
2023-08-10 19:52:30,903 - INFO - 	[D] Spain"
2023-08-10 19:52:30,903 - INFO - 		[F] 63_12.5_DNI.csv"
2023-08-10 19:52:30,903 - INFO - 	[D] Switzerland"
2023-08-10 19:52:30,903 - INFO - 		[F] 58_12_AVS.csv"
2023-08-10 19:52:30,903 - INFO - 	[D] Turkey"
2023-08-10 19:52:30,903 - INFO - 		[F] 62_10.666666666666666_.csv"
2023-08-10 19:52:30,903 - INFO - 	[D] Ukraine"
2023-08-10 19:52:30,904 - INFO - 		[F] 63_13_.csv"
2023-08-10 19:52:30,904 - INFO - 	[D] United Kingdom"
2023-08-10 19:52:30,904 - INFO - 		[F] 63_8.5_NINO.csv"
2023-08-10 19:52:30,904 - INFO - 	[D] United States"
2023-08-10 19:52:30,904 - INFO - 		[F] 61_7.5_SSN.csv"
2023-08-10 19:52:30,904 - INFO - [D] 70-th"
2023-08-10 19:52:30,904 - INFO - 	[D] Australia"
2023-08-10 19:52:30,904 - INFO - 		[F] 47_13_TFN.csv"
2023-08-10 19:52:30,904 - INFO - 	[D] Brazil"
2023-08-10 19:52:30,904 - INFO - 		[F] 48_13_CPF.csv"
2023-08-10 19:52:30,904 - INFO - 	[D] Canada"
2023-08-10 19:52:30,905 - INFO - 		[F] 50_13.5_SIN.csv"
2023-08-10 19:52:30,905 - INFO - 	[D] Denmark"
2023-08-10 19:52:30,905 - INFO - 		[F] 51_7_CPR.csv"
2023-08-10 19:52:30,905 - INFO - 	[D] Finland"
2023-08-10 19:52:30,905 - INFO - 		[F] 52_13_HETU.csv"
2023-08-10 19:52:30,905 - INFO - 	[D] France"
2023-08-10 19:52:30,905 - INFO - 		[F] 51_8_INSEE.csv"
2023-08-10 19:52:30,905 - INFO - 	[D] Germany"
2023-08-10 19:52:30,905 - INFO - 		[F] 48_8_SVNR.csv"
2023-08-10 19:52:30,905 - INFO - 	[D] India"
2023-08-10 19:52:30,905 - INFO - 		[F] 50_8.5_UIDAI.csv"
2023-08-10 19:52:30,906 - INFO - 	[D] Iran"
2023-08-10 19:52:30,906 - INFO - 		[F] 53_6.5_.csv"
2023-08-10 19:52:30,906 - INFO - 	[D] Ireland"
2023-08-10 19:52:30,906 - INFO - 		[F] 50_13.75_PPS.csv"
2023-08-10 19:52:30,906 - INFO - 	[D] Mexico"
2023-08-10 19:52:30,906 - INFO - 		[F] 51_16.75_NSS.csv"
2023-08-10 19:52:30,906 - INFO - 	[D] Netherlands"
2023-08-10 19:52:30,906 - INFO - 		[F] 52_12_BSN.csv"
2023-08-10 19:52:30,906 - INFO - 	[D] New Zealand"
2023-08-10 19:52:30,906 - INFO - 		[F] 52_6_.csv"
2023-08-10 19:52:30,906 - INFO - 	[D] Norway"
2023-08-10 19:52:30,906 - INFO - 		[F] 48_19_FN.csv"
2023-08-10 19:52:30,907 - INFO - 	[D] Serbia"
2023-08-10 19:52:30,907 - INFO - 		[F] 51_6_SID.csv"
2023-08-10 19:52:30,907 - INFO - 	[D] Spain"
2023-08-10 19:52:30,907 - INFO - 		[F] 50_16_DNI.csv"
2023-08-10 19:52:30,907 - INFO - 	[D] Switzerland"
2023-08-10 19:52:30,907 - INFO - 		[F] 52_18_AVS.csv"
2023-08-10 19:52:30,907 - INFO - 	[D] Ukraine"
2023-08-10 19:52:30,907 - INFO - 		[F] 44_12.666666666666666_.csv"
2023-08-10 19:52:30,907 - INFO - 	[D] United Kingdom"
2023-08-10 19:52:30,907 - INFO - 		[F] 53_11.4_NINO.csv"
2023-08-10 19:52:30,907 - INFO - 	[D] United States"
2023-08-10 19:52:30,908 - INFO - 		[F] 52_7.5_SSN.csv"
2023-08-10 19:52:30,908 - INFO - [D] 80-th"
2023-08-10 19:52:30,908 - INFO - 	[D] Australia"
2023-08-10 19:52:30,908 - INFO - 		[F] 42_9_TFN.csv"
2023-08-10 19:52:30,908 - INFO - 	[D] Brazil"
2023-08-10 19:52:30,908 - INFO - 		[F] 34_12_CPF.csv"
2023-08-10 19:52:30,908 - INFO - 	[D] Canada"
2023-08-10 19:52:30,908 - INFO - 		[F] 36_14.5_SIN.csv"
2023-08-10 19:52:30,908 - INFO - 	[D] Denmark"
2023-08-10 19:52:30,908 - INFO - 		[F] 43_13.5_CPR.csv"
2023-08-10 19:52:30,908 - INFO - 	[D] Finland"
2023-08-10 19:52:30,909 - INFO - 		[F] 42_6.5_HETU.csv"
2023-08-10 19:52:30,909 - INFO - 	[D] France"
2023-08-10 19:52:30,909 - INFO - 		[F] 42_14_INSEE.csv"
2023-08-10 19:52:30,909 - INFO - 	[D] Germany"
2023-08-10 19:52:30,909 - INFO - 		[F] 42_4_SVNR.csv"
2023-08-10 19:52:30,909 - INFO - 	[D] India"
2023-08-10 19:52:30,909 - INFO - 		[F] 42_16.5_UIDAI.csv"
2023-08-10 19:52:30,909 - INFO - 	[D] Iran"
2023-08-10 19:52:30,909 - INFO - 		[F] 34_7_.csv"
2023-08-10 19:52:30,909 - INFO - 	[D] Mexico"
2023-08-10 19:52:30,909 - INFO - 		[F] 38_11_NSS.csv"
2023-08-10 19:52:30,910 - INFO - 	[D] Netherlands"
2023-08-10 19:52:30,910 - INFO - 		[F] 35_14_BSN.csv"
2023-08-10 19:52:30,910 - INFO - 	[D] New Zealand"
2023-08-10 19:52:30,910 - INFO - 		[F] 40_12.833333333333334_.csv"
2023-08-10 19:52:30,910 - INFO - 	[D] Norway"
2023-08-10 19:52:30,910 - INFO - 		[F] 42_10.166666666666666_FN.csv"
2023-08-10 19:52:30,910 - INFO - 	[D] Serbia"
2023-08-10 19:52:30,910 - INFO - 		[F] 34_18_SID.csv"
2023-08-10 19:52:30,910 - INFO - 	[D] Spain"
2023-08-10 19:52:30,910 - INFO - 		[F] 42_12_DNI.csv"
2023-08-10 19:52:30,910 - INFO - 	[D] Switzerland"
2023-08-10 19:52:30,911 - INFO - 		[F] 42_9.333333333333334_AVS.csv"
2023-08-10 19:52:30,911 - INFO - 	[D] Turkey"
2023-08-10 19:52:30,911 - INFO - 		[F] 40_18.5_.csv"
2023-08-10 19:52:30,911 - INFO - 	[D] Ukraine"
2023-08-10 19:52:30,911 - INFO - 		[F] 42_8_.csv"
2023-08-10 19:52:30,911 - INFO - [D] 90-th"
2023-08-10 19:52:30,911 - INFO - 	[D] Australia"
2023-08-10 19:52:30,911 - INFO - 		[F] 33_6_TFN.csv"
2023-08-10 19:52:30,911 - INFO - 	[D] Brazil"
2023-08-10 19:52:30,911 - INFO - 		[F] 33_10.333333333333334_CPF.csv"
2023-08-10 19:52:30,911 - INFO - 	[D] Denmark"
2023-08-10 19:52:30,912 - INFO - 		[F] 29_12_CPR.csv"
2023-08-10 19:52:30,912 - INFO - 	[D] Finland"
2023-08-10 19:52:30,912 - INFO - 		[F] 33_11.6_HETU.csv"
2023-08-10 19:52:30,912 - INFO - 	[D] France"
2023-08-10 19:52:30,912 - INFO - 		[F] 32_6.333333333333333_INSEE.csv"
2023-08-10 19:52:30,912 - INFO - 	[D] Germany"
2023-08-10 19:52:30,912 - INFO - 		[F] 30_10_SVNR.csv"
2023-08-10 19:52:30,912 - INFO - 	[D] India"
2023-08-10 19:52:30,912 - INFO - 		[F] 26_5_UIDAI.csv"
2023-08-10 19:52:30,912 - INFO - 	[D] Iran"
2023-08-10 19:52:30,912 - INFO - 		[F] 31_9.285714285714286_.csv"
2023-08-10 19:52:30,912 - INFO - 	[D] Ireland"
2023-08-10 19:52:30,913 - INFO - 		[F] 32_8_PPS.csv"
2023-08-10 19:52:30,913 - INFO - 	[D] Mexico"
2023-08-10 19:52:30,913 - INFO - 		[F] 30_12_NSS.csv"
2023-08-10 19:52:30,913 - INFO - 	[D] New Zealand"
2023-08-10 19:52:30,913 - INFO - 		[F] 29_5_.csv"
2023-08-10 19:52:30,913 - INFO - 	[D] Serbia"
2023-08-10 19:52:30,913 - INFO - 		[F] 33_12.5_SID.csv"
2023-08-10 19:52:30,913 - INFO - 	[D] Spain"
2023-08-10 19:52:30,913 - INFO - 		[F] 32_8_DNI.csv"
2023-08-10 19:52:30,913 - INFO - 	[D] Switzerland"
2023-08-10 19:52:30,913 - INFO - 		[F] 27_5.333333333333333_AVS.csv"
2023-08-10 19:52:30,914 - INFO - 	[D] Turkey"
2023-08-10 19:52:30,914 - INFO - 		[F] 33_14_.csv"
2023-08-10 19:52:30,914 - INFO - 	[D] Ukraine"
2023-08-10 19:52:30,914 - INFO - 		[F] 29_4.5_.csv"
2023-08-10 19:52:30,914 - INFO - 	[D] United Kingdom"
2023-08-10 19:52:30,914 - INFO - 		[F] 28_10.666666666666666_NINO.csv"
2023-08-10 19:52:30,914 - INFO - 	[D] United States"
2023-08-10 19:52:30,914 - INFO - 		[F] 32_3_SSN.csv"
2023-08-10 19:52:30,914 - INFO - [F] output.csv"
2023-08-10 19:52:30,914 - INFO - [F] user_accounts.csv"
2023-08-10 19:52:31,325 - INFO - Zip archive task_2 was created!"
